[0.044s] DEBUG:colcon:Command line arguments: ['/usr/bin/colcon', 'build']
[0.044s] DEBUG:colcon:Parsed command line arguments: Namespace(log_base=None, log_level=None, verb_name='build', build_base='build', install_base='install', merge_install=False, symlink_install=False, test_result_base=None, continue_on_error=False, executor='parallel', parallel_workers=14, event_handlers=None, ignore_user_meta=False, metas=['./colcon.meta'], base_paths=['.'], packages_ignore=None, packages_ignore_regex=None, paths=None, packages_up_to=None, packages_up_to_regex=None, packages_above=None, packages_above_and_dependencies=None, packages_above_depth=None, packages_select_by_dep=None, packages_skip_by_dep=None, packages_skip_up_to=None, packages_select_build_failed=False, packages_skip_build_finished=False, packages_select_test_failures=False, packages_skip_test_passed=False, packages_select=None, packages_skip=None, packages_select_regex=None, packages_skip_regex=None, packages_start=None, packages_end=None, cmake_args=None, cmake_target=None, cmake_target_skip_unavailable=False, cmake_clean_cache=False, cmake_clean_first=False, cmake_force_configure=False, ament_cmake_args=None, catkin_cmake_args=None, catkin_skip_building_tests=False, mixin_files=None, mixin=None, verb_parser=<colcon_mixin.mixin.mixin_argument.MixinArgumentDecorator object at 0xffff7e1dd820>, verb_extension=<colcon_core.verb.build.BuildVerb object at 0xffff7e1dd640>, main=<bound method BuildVerb.main of <colcon_core.verb.build.BuildVerb object at 0xffff7e1dd640>>, mixin_verb=('build',))
[0.060s] Level 1:colcon.colcon_core.package_discovery:discover_packages(colcon_meta) check parameters
[0.060s] INFO:colcon.colcon_metadata.package_discovery.colcon_meta:Using configuration from '/root/.colcon/metadata/default/Gazebo.meta'
[0.060s] INFO:colcon.colcon_metadata.package_discovery.colcon_meta:Using configuration from '/root/.colcon/metadata/default/fastrtps.meta'
[0.060s] Level 1:colcon.colcon_core.package_discovery:discover_packages(recursive) check parameters
[0.060s] Level 1:colcon.colcon_core.package_discovery:discover_packages(ignore) check parameters
[0.060s] Level 1:colcon.colcon_core.package_discovery:discover_packages(path) check parameters
[0.060s] Level 1:colcon.colcon_core.package_discovery:discover_packages(colcon_meta) discover
[0.060s] Level 1:colcon.colcon_core.package_discovery:discover_packages(recursive) discover
[0.060s] INFO:colcon.colcon_core.package_discovery:Crawling recursively for packages in '/root'
[0.060s] Level 1:colcon.colcon_core.package_identification:_identify(.) by extensions ['ignore', 'ignore_ament_install']
[0.060s] Level 1:colcon.colcon_core.package_identification:_identify(.) by extension 'ignore'
[0.060s] Level 1:colcon.colcon_core.package_identification:_identify(.) by extension 'ignore_ament_install'
[0.061s] Level 1:colcon.colcon_core.package_identification:_identify(.) by extensions ['colcon_pkg']
[0.061s] Level 1:colcon.colcon_core.package_identification:_identify(.) by extension 'colcon_pkg'
[0.061s] Level 1:colcon.colcon_core.package_identification:_identify(.) by extensions ['colcon_meta']
[0.061s] Level 1:colcon.colcon_core.package_identification:_identify(.) by extension 'colcon_meta'
[0.061s] Level 1:colcon.colcon_core.package_identification:_identify(.) by extensions ['ros']
[0.061s] Level 1:colcon.colcon_core.package_identification:_identify(.) by extension 'ros'
[0.072s] Level 1:colcon.colcon_core.package_identification:_identify(.) by extensions ['cmake', 'python']
[0.072s] Level 1:colcon.colcon_core.package_identification:_identify(.) by extension 'cmake'
[0.072s] Level 1:colcon.colcon_core.package_identification:_identify(.) by extension 'python'
[0.072s] Level 1:colcon.colcon_core.package_identification:_identify(.) by extensions ['python_setup_py']
[0.072s] Level 1:colcon.colcon_core.package_identification:_identify(.) by extension 'python_setup_py'
[0.072s] Level 1:colcon.colcon_core.package_identification:_identify(build) by extensions ['ignore', 'ignore_ament_install']
[0.072s] Level 1:colcon.colcon_core.package_identification:_identify(build) by extension 'ignore'
[0.072s] Level 1:colcon.colcon_core.package_identification:_identify(build) ignored
[0.073s] Level 1:colcon.colcon_core.package_identification:_identify(install) by extensions ['ignore', 'ignore_ament_install']
[0.073s] Level 1:colcon.colcon_core.package_identification:_identify(install) by extension 'ignore'
[0.073s] Level 1:colcon.colcon_core.package_identification:_identify(install) ignored
[0.073s] Level 1:colcon.colcon_core.package_identification:_identify(log) by extensions ['ignore', 'ignore_ament_install']
[0.073s] Level 1:colcon.colcon_core.package_identification:_identify(log) by extension 'ignore'
[0.073s] Level 1:colcon.colcon_core.package_identification:_identify(log) ignored
[0.073s] Level 1:colcon.colcon_core.package_identification:_identify(ros2_ws) by extensions ['ignore', 'ignore_ament_install']
[0.073s] Level 1:colcon.colcon_core.package_identification:_identify(ros2_ws) by extension 'ignore'
[0.073s] Level 1:colcon.colcon_core.package_identification:_identify(ros2_ws) by extension 'ignore_ament_install'
[0.073s] Level 1:colcon.colcon_core.package_identification:_identify(ros2_ws) by extensions ['colcon_pkg']
[0.073s] Level 1:colcon.colcon_core.package_identification:_identify(ros2_ws) by extension 'colcon_pkg'
[0.073s] Level 1:colcon.colcon_core.package_identification:_identify(ros2_ws) by extensions ['colcon_meta']
[0.073s] Level 1:colcon.colcon_core.package_identification:_identify(ros2_ws) by extension 'colcon_meta'
[0.073s] Level 1:colcon.colcon_core.package_identification:_identify(ros2_ws) by extensions ['ros']
[0.073s] Level 1:colcon.colcon_core.package_identification:_identify(ros2_ws) by extension 'ros'
[0.073s] Level 1:colcon.colcon_core.package_identification:_identify(ros2_ws) by extensions ['cmake', 'python']
[0.073s] Level 1:colcon.colcon_core.package_identification:_identify(ros2_ws) by extension 'cmake'
[0.073s] Level 1:colcon.colcon_core.package_identification:_identify(ros2_ws) by extension 'python'
[0.073s] Level 1:colcon.colcon_core.package_identification:_identify(ros2_ws) by extensions ['python_setup_py']
[0.073s] Level 1:colcon.colcon_core.package_identification:_identify(ros2_ws) by extension 'python_setup_py'
[0.073s] Level 1:colcon.colcon_core.package_identification:_identify(ros2_ws/build) by extensions ['ignore', 'ignore_ament_install']
[0.073s] Level 1:colcon.colcon_core.package_identification:_identify(ros2_ws/build) by extension 'ignore'
[0.073s] Level 1:colcon.colcon_core.package_identification:_identify(ros2_ws/build) ignored
[0.073s] Level 1:colcon.colcon_core.package_identification:_identify(ros2_ws/install) by extensions ['ignore', 'ignore_ament_install']
[0.073s] Level 1:colcon.colcon_core.package_identification:_identify(ros2_ws/install) by extension 'ignore'
[0.073s] Level 1:colcon.colcon_core.package_identification:_identify(ros2_ws/install) ignored
[0.073s] Level 1:colcon.colcon_core.package_identification:_identify(ros2_ws/log) by extensions ['ignore', 'ignore_ament_install']
[0.073s] Level 1:colcon.colcon_core.package_identification:_identify(ros2_ws/log) by extension 'ignore'
[0.073s] Level 1:colcon.colcon_core.package_identification:_identify(ros2_ws/log) ignored
[0.073s] Level 1:colcon.colcon_core.package_identification:_identify(ros2_ws/src) by extensions ['ignore', 'ignore_ament_install']
[0.073s] Level 1:colcon.colcon_core.package_identification:_identify(ros2_ws/src) by extension 'ignore'
[0.073s] Level 1:colcon.colcon_core.package_identification:_identify(ros2_ws/src) by extension 'ignore_ament_install'
[0.073s] Level 1:colcon.colcon_core.package_identification:_identify(ros2_ws/src) by extensions ['colcon_pkg']
[0.073s] Level 1:colcon.colcon_core.package_identification:_identify(ros2_ws/src) by extension 'colcon_pkg'
[0.073s] Level 1:colcon.colcon_core.package_identification:_identify(ros2_ws/src) by extensions ['colcon_meta']
[0.073s] Level 1:colcon.colcon_core.package_identification:_identify(ros2_ws/src) by extension 'colcon_meta'
[0.073s] Level 1:colcon.colcon_core.package_identification:_identify(ros2_ws/src) by extensions ['ros']
[0.073s] Level 1:colcon.colcon_core.package_identification:_identify(ros2_ws/src) by extension 'ros'
[0.073s] Level 1:colcon.colcon_core.package_identification:_identify(ros2_ws/src) by extensions ['cmake', 'python']
[0.073s] Level 1:colcon.colcon_core.package_identification:_identify(ros2_ws/src) by extension 'cmake'
[0.073s] Level 1:colcon.colcon_core.package_identification:_identify(ros2_ws/src) by extension 'python'
[0.073s] Level 1:colcon.colcon_core.package_identification:_identify(ros2_ws/src) by extensions ['python_setup_py']
[0.073s] Level 1:colcon.colcon_core.package_identification:_identify(ros2_ws/src) by extension 'python_setup_py'
[0.073s] Level 1:colcon.colcon_core.package_identification:_identify(ros2_ws/src/mycobot_ros2) by extensions ['ignore', 'ignore_ament_install']
[0.073s] Level 1:colcon.colcon_core.package_identification:_identify(ros2_ws/src/mycobot_ros2) by extension 'ignore'
[0.073s] Level 1:colcon.colcon_core.package_identification:_identify(ros2_ws/src/mycobot_ros2) by extension 'ignore_ament_install'
[0.073s] Level 1:colcon.colcon_core.package_identification:_identify(ros2_ws/src/mycobot_ros2) by extensions ['colcon_pkg']
[0.073s] Level 1:colcon.colcon_core.package_identification:_identify(ros2_ws/src/mycobot_ros2) by extension 'colcon_pkg'
[0.073s] Level 1:colcon.colcon_core.package_identification:_identify(ros2_ws/src/mycobot_ros2) by extensions ['colcon_meta']
[0.073s] Level 1:colcon.colcon_core.package_identification:_identify(ros2_ws/src/mycobot_ros2) by extension 'colcon_meta'
[0.073s] Level 1:colcon.colcon_core.package_identification:_identify(ros2_ws/src/mycobot_ros2) by extensions ['ros']
[0.073s] Level 1:colcon.colcon_core.package_identification:_identify(ros2_ws/src/mycobot_ros2) by extension 'ros'
[0.073s] Level 1:colcon.colcon_core.package_identification:_identify(ros2_ws/src/mycobot_ros2) by extensions ['cmake', 'python']
[0.073s] Level 1:colcon.colcon_core.package_identification:_identify(ros2_ws/src/mycobot_ros2) by extension 'cmake'
[0.073s] Level 1:colcon.colcon_core.package_identification:_identify(ros2_ws/src/mycobot_ros2) by extension 'python'
[0.073s] Level 1:colcon.colcon_core.package_identification:_identify(ros2_ws/src/mycobot_ros2) by extensions ['python_setup_py']
[0.073s] Level 1:colcon.colcon_core.package_identification:_identify(ros2_ws/src/mycobot_ros2) by extension 'python_setup_py'
[0.074s] Level 1:colcon.colcon_core.package_identification:_identify(ros2_ws/src/mycobot_ros2/docker) by extensions ['ignore', 'ignore_ament_install']
[0.074s] Level 1:colcon.colcon_core.package_identification:_identify(ros2_ws/src/mycobot_ros2/docker) by extension 'ignore'
[0.074s] Level 1:colcon.colcon_core.package_identification:_identify(ros2_ws/src/mycobot_ros2/docker) by extension 'ignore_ament_install'
[0.074s] Level 1:colcon.colcon_core.package_identification:_identify(ros2_ws/src/mycobot_ros2/docker) by extensions ['colcon_pkg']
[0.074s] Level 1:colcon.colcon_core.package_identification:_identify(ros2_ws/src/mycobot_ros2/docker) by extension 'colcon_pkg'
[0.074s] Level 1:colcon.colcon_core.package_identification:_identify(ros2_ws/src/mycobot_ros2/docker) by extensions ['colcon_meta']
[0.074s] Level 1:colcon.colcon_core.package_identification:_identify(ros2_ws/src/mycobot_ros2/docker) by extension 'colcon_meta'
[0.074s] Level 1:colcon.colcon_core.package_identification:_identify(ros2_ws/src/mycobot_ros2/docker) by extensions ['ros']
[0.074s] Level 1:colcon.colcon_core.package_identification:_identify(ros2_ws/src/mycobot_ros2/docker) by extension 'ros'
[0.074s] Level 1:colcon.colcon_core.package_identification:_identify(ros2_ws/src/mycobot_ros2/docker) by extensions ['cmake', 'python']
[0.074s] Level 1:colcon.colcon_core.package_identification:_identify(ros2_ws/src/mycobot_ros2/docker) by extension 'cmake'
[0.074s] Level 1:colcon.colcon_core.package_identification:_identify(ros2_ws/src/mycobot_ros2/docker) by extension 'python'
[0.074s] Level 1:colcon.colcon_core.package_identification:_identify(ros2_ws/src/mycobot_ros2/docker) by extensions ['python_setup_py']
[0.074s] Level 1:colcon.colcon_core.package_identification:_identify(ros2_ws/src/mycobot_ros2/docker) by extension 'python_setup_py'
[0.074s] Level 1:colcon.colcon_core.package_discovery:discover_packages(recursive) using defaults
[0.074s] Level 1:colcon.colcon_core.package_discovery:discover_packages(ignore) discover
[0.074s] Level 1:colcon.colcon_core.package_discovery:discover_packages(ignore) using defaults
[0.074s] Level 1:colcon.colcon_core.package_discovery:discover_packages(path) discover
[0.074s] Level 1:colcon.colcon_core.package_discovery:discover_packages(path) using defaults
[0.086s] INFO:colcon.colcon_core.executor:Executing jobs using 'parallel' executor
[0.087s] DEBUG:colcon.colcon_parallel_executor.executor.parallel:run_until_complete
[0.087s] DEBUG:colcon.colcon_parallel_executor.executor.parallel:closing loop
[0.087s] DEBUG:colcon.colcon_parallel_executor.executor.parallel:loop closed
[0.087s] DEBUG:colcon.colcon_parallel_executor.executor.parallel:run_until_complete finished with '0'
[0.087s] DEBUG:colcon.colcon_core.event_reactor:joining thread
[0.091s] INFO:colcon.colcon_core.plugin_system:Skipping extension 'colcon_notification.desktop_notification.notify_send': Could not find 'notify-send'
[0.091s] INFO:colcon.colcon_core.plugin_system:Skipping extension 'colcon_notification.desktop_notification.terminal_notifier': Not used on non-Darwin systems
[0.091s] INFO:colcon.colcon_core.plugin_system:Skipping extension 'colcon_notification.desktop_notification.win32': Not used on non-Windows systems
[0.091s] INFO:colcon.colcon_notification.desktop_notification:Sending desktop notification using 'notify2'
[0.091s] DEBUG:colcon.colcon_notification.desktop_notification.notify2:Failed to initialize notify2: org.freedesktop.DBus.Error.NotSupported: Unable to autolaunch a dbus-daemon without a $DISPLAY for X11
[0.091s] DEBUG:colcon.colcon_core.event_reactor:joined thread
[0.093s] INFO:colcon.colcon_core.plugin_system:Skipping extension 'colcon_core.shell.bat': Not used on non-Windows systems
[0.093s] INFO:colcon.colcon_core.shell:Creating prefix script '/root/install/local_setup.ps1'
[0.093s] INFO:colcon.colcon_core.shell:Creating prefix util module '/root/install/_local_setup_util_ps1.py'
[0.094s] INFO:colcon.colcon_core.shell:Creating prefix chain script '/root/install/setup.ps1'
[0.094s] INFO:colcon.colcon_core.shell:Creating prefix script '/root/install/local_setup.sh'
[0.095s] INFO:colcon.colcon_core.shell:Creating prefix util module '/root/install/_local_setup_util_sh.py'
[0.095s] INFO:colcon.colcon_core.shell:Creating prefix chain script '/root/install/setup.sh'
[0.095s] INFO:colcon.colcon_core.shell:Creating prefix script '/root/install/local_setup.bash'
[0.095s] INFO:colcon.colcon_core.shell:Creating prefix chain script '/root/install/setup.bash'
[0.095s] INFO:colcon.colcon_core.shell:Creating prefix script '/root/install/local_setup.zsh'
[0.096s] INFO:colcon.colcon_core.shell:Creating prefix chain script '/root/install/setup.zsh'
